<?xml version="1.0" encoding="UTF-8"?>
<!-- Generated by org.testng.reporters.JUnitReportReporter -->
<testsuite skipped="0" hostname="Ramsai" name="Academy.ValidateNavBar" tests="1" failures="0" timestamp="2022-05-14T12:12:14 IST" time="0.301" errors="0">
  <testcase name="validatTitles" time="0.301" classname="Academy.ValidateNavBar"/>
  <system-out/>
</testsuite> <!-- Academy.ValidateNavBar -->
