<?xml version="1.0" encoding="UTF-8"?>
<!-- Generated by org.testng.reporters.JUnitReportReporter -->
<testsuite skipped="0" hostname="Ramsai" name="Academy.ValidateTitle" tests="1" failures="0" timestamp="2022-05-14T12:10:27 IST" time="0.333" errors="0">
  <testcase name="validatTitles" time="0.333" classname="Academy.ValidateTitle"/>
  <system-out/>
</testsuite> <!-- Academy.ValidateTitle -->
