<?xml version="1.0" encoding="UTF-8"?>
<!-- Generated by org.testng.reporters.JUnitReportReporter -->
<testsuite skipped="0" hostname="Ramsai" name="Academy.HomePage" tests="2" failures="0" timestamp="2022-05-12T21:47:52 IST" time="75.649" errors="0">
  <testcase name="basePageNavigation" time="41.469" classname="Academy.HomePage"/>
  <system-out/>
  <testcase name="basePageNavigation" time="34.180" classname="Academy.HomePage"/>
  <system-out/>
</testsuite> <!-- Academy.HomePage -->
