<?xml version="1.0" encoding="UTF-8"?>
<!-- Generated by org.testng.reporters.JUnitReportReporter -->
<testsuite skipped="0" hostname="Ramsai" name="Academy.ValidateNavBar" tests="1" failures="0" timestamp="2022-05-14T21:18:18 IST" time="0.867" errors="0">
  <testcase name="validateNavBar" time="0.867" classname="Academy.ValidateNavBar"/>
  <system-out/>
</testsuite> <!-- Academy.ValidateNavBar -->
