<?xml version="1.0" encoding="UTF-8"?>
<!-- Generated by org.testng.reporters.JUnitReportReporter -->
<testsuite skipped="0" hostname="Ramsai" name="Academy.HomePage" tests="2" failures="0" timestamp="2022-05-14T21:18:18 IST" time="161.200" errors="0">
  <testcase name="basePageNavigation" time="112.328" classname="Academy.HomePage"/>
  <system-out/>
  <testcase name="basePageNavigation" time="48.872" classname="Academy.HomePage"/>
  <system-out/>
</testsuite> <!-- Academy.HomePage -->
